<?xml version="1.0" encoding="UTF-8"?>
<testsuite xmlns:xsi="http://www.w3.org/2001/XMLSchema-instance" xsi:noNamespaceSchemaLocation="https://maven.apache.org/surefire/maven-surefire-plugin/xsd/surefire-test-report-3.0.xsd" version="3.0" name="bookapp.restapi.FileHandlerTest" time="0.035" tests="5" errors="0" skipped="0" failures="0">
  <properties>
    <property name="java.specification.version" value="20"/>
    <property name="sun.jnu.encoding" value="UTF-8"/>
    <property name="java.class.path" value="/Users/fredrik/Documents/Studier/NTNU/Informatikk/Informatikk prosjektarbeid I/Prosjekt/gr2349/bookapp/restapi/target/test-classes:/Users/fredrik/.m2/repository/org/springframework/boot/spring-boot-starter-web/3.1.5/spring-boot-starter-web-3.1.5.jar:/Users/fredrik/.m2/repository/org/springframework/boot/spring-boot-starter/3.1.5/spring-boot-starter-3.1.5.jar:/Users/fredrik/.m2/repository/org/springframework/boot/spring-boot-starter-logging/3.1.5/spring-boot-starter-logging-3.1.5.jar:/Users/fredrik/.m2/repository/ch/qos/logback/logback-classic/1.4.11/logback-classic-1.4.11.jar:/Users/fredrik/.m2/repository/ch/qos/logback/logback-core/1.4.11/logback-core-1.4.11.jar:/Users/fredrik/.m2/repository/org/apache/logging/log4j/log4j-to-slf4j/2.20.0/log4j-to-slf4j-2.20.0.jar:/Users/fredrik/.m2/repository/org/slf4j/jul-to-slf4j/2.0.9/jul-to-slf4j-2.0.9.jar:/Users/fredrik/.m2/repository/jakarta/annotation/jakarta.annotation-api/2.1.1/jakarta.annotation-api-2.1.1.jar:/Users/fredrik/.m2/repository/org/yaml/snakeyaml/1.33/snakeyaml-1.33.jar:/Users/fredrik/.m2/repository/org/springframework/boot/spring-boot-starter-json/3.1.5/spring-boot-starter-json-3.1.5.jar:/Users/fredrik/.m2/repository/org/springframework/boot/spring-boot-starter-tomcat/3.1.5/spring-boot-starter-tomcat-3.1.5.jar:/Users/fredrik/.m2/repository/org/apache/tomcat/embed/tomcat-embed-core/10.1.15/tomcat-embed-core-10.1.15.jar:/Users/fredrik/.m2/repository/org/apache/tomcat/embed/tomcat-embed-el/10.1.15/tomcat-embed-el-10.1.15.jar:/Users/fredrik/.m2/repository/org/apache/tomcat/embed/tomcat-embed-websocket/10.1.15/tomcat-embed-websocket-10.1.15.jar:/Users/fredrik/.m2/repository/io/micrometer/micrometer-observation/1.10.12/micrometer-observation-1.10.12.jar:/Users/fredrik/.m2/repository/io/micrometer/micrometer-commons/1.10.12/micrometer-commons-1.10.12.jar:/Users/fredrik/.m2/repository/org/springframework/spring-webmvc/6.0.13/spring-webmvc-6.0.13.jar:/Users/fredrik/.m2/repository/org/springframework/spring-aop/6.0.13/spring-aop-6.0.13.jar:/Users/fredrik/.m2/repository/org/springframework/spring-expression/6.0.13/spring-expression-6.0.13.jar:/Users/fredrik/.m2/repository/org/springframework/boot/spring-boot-starter-test/3.1.5/spring-boot-starter-test-3.1.5.jar:/Users/fredrik/.m2/repository/org/springframework/boot/spring-boot-test/3.1.5/spring-boot-test-3.1.5.jar:/Users/fredrik/.m2/repository/org/springframework/boot/spring-boot-test-autoconfigure/3.1.5/spring-boot-test-autoconfigure-3.1.5.jar:/Users/fredrik/.m2/repository/com/jayway/jsonpath/json-path/2.8.0/json-path-2.8.0.jar:/Users/fredrik/.m2/repository/jakarta/xml/bind/jakarta.xml.bind-api/4.0.1/jakarta.xml.bind-api-4.0.1.jar:/Users/fredrik/.m2/repository/jakarta/activation/jakarta.activation-api/2.1.2/jakarta.activation-api-2.1.2.jar:/Users/fredrik/.m2/repository/net/minidev/json-smart/2.4.11/json-smart-2.4.11.jar:/Users/fredrik/.m2/repository/net/minidev/accessors-smart/2.4.11/accessors-smart-2.4.11.jar:/Users/fredrik/.m2/repository/org/assertj/assertj-core/3.24.2/assertj-core-3.24.2.jar:/Users/fredrik/.m2/repository/org/junit/jupiter/junit-jupiter/5.9.3/junit-jupiter-5.9.3.jar:/Users/fredrik/.m2/repository/org/mockito/mockito-junit-jupiter/5.3.1/mockito-junit-jupiter-5.3.1.jar:/Users/fredrik/.m2/repository/org/skyscreamer/jsonassert/1.5.1/jsonassert-1.5.1.jar:/Users/fredrik/.m2/repository/com/vaadin/external/google/android-json/0.0.20131108.vaadin1/android-json-0.0.20131108.vaadin1.jar:/Users/fredrik/.m2/repository/org/springframework/spring-jcl/6.0.13/spring-jcl-6.0.13.jar:/Users/fredrik/.m2/repository/org/springframework/spring-test/6.0.13/spring-test-6.0.13.jar:/Users/fredrik/.m2/repository/org/xmlunit/xmlunit-core/2.9.1/xmlunit-core-2.9.1.jar:/Users/fredrik/.m2/repository/org/mockito/mockito-core/5.7.0/mockito-core-5.7.0.jar:/Users/fredrik/.m2/repository/net/bytebuddy/byte-buddy/1.14.9/byte-buddy-1.14.9.jar:/Users/fredrik/.m2/repository/net/bytebuddy/byte-buddy-agent/1.14.9/byte-buddy-agent-1.14.9.jar:/Users/fredrik/.m2/repository/org/objenesis/objenesis/3.3/objenesis-3.3.jar:/Users/fredrik/.m2/repository/org/openjfx/javafx-controls/20/javafx-controls-20.jar:/Users/fredrik/.m2/repository/org/openjfx/javafx-controls/20/javafx-controls-20-mac-aarch64.jar:/Users/fredrik/.m2/repository/org/openjfx/javafx-graphics/20/javafx-graphics-20.jar:/Users/fredrik/.m2/repository/org/openjfx/javafx-graphics/20/javafx-graphics-20-mac-aarch64.jar:/Users/fredrik/.m2/repository/org/openjfx/javafx-base/20/javafx-base-20.jar:/Users/fredrik/.m2/repository/org/openjfx/javafx-base/20/javafx-base-20-mac-aarch64.jar:/Users/fredrik/.m2/repository/org/openjfx/javafx-fxml/20/javafx-fxml-20.jar:/Users/fredrik/.m2/repository/org/openjfx/javafx-fxml/20/javafx-fxml-20-mac-aarch64.jar:/Users/fredrik/.m2/repository/org/junit/jupiter/junit-jupiter-api/5.10.0/junit-jupiter-api-5.10.0.jar:/Users/fredrik/.m2/repository/org/opentest4j/opentest4j/1.3.0/opentest4j-1.3.0.jar:/Users/fredrik/.m2/repository/org/junit/platform/junit-platform-commons/1.10.0/junit-platform-commons-1.10.0.jar:/Users/fredrik/.m2/repository/org/apiguardian/apiguardian-api/1.1.2/apiguardian-api-1.1.2.jar:/Users/fredrik/.m2/repository/org/junit/jupiter/junit-jupiter-engine/5.10.0/junit-jupiter-engine-5.10.0.jar:/Users/fredrik/.m2/repository/org/junit/platform/junit-platform-engine/1.10.0/junit-platform-engine-1.10.0.jar:/Users/fredrik/.m2/repository/org/junit/jupiter/junit-jupiter-params/5.10.0/junit-jupiter-params-5.10.0.jar:/Users/fredrik/.m2/repository/org/testfx/testfx-core/4.0.16-alpha/testfx-core-4.0.16-alpha.jar:/Users/fredrik/.m2/repository/org/hamcrest/hamcrest-core/1.3/hamcrest-core-1.3.jar:/Users/fredrik/.m2/repository/org/testfx/testfx-junit5/4.0.16-alpha/testfx-junit5-4.0.16-alpha.jar:/Users/fredrik/.m2/repository/org/hamcrest/hamcrest/2.2/hamcrest-2.2.jar:/Users/fredrik/.m2/repository/com/github/spotbugs/spotbugs/4.7.3/spotbugs-4.7.3.jar:/Users/fredrik/.m2/repository/org/ow2/asm/asm/9.4/asm-9.4.jar:/Users/fredrik/.m2/repository/org/ow2/asm/asm-analysis/9.4/asm-analysis-9.4.jar:/Users/fredrik/.m2/repository/org/ow2/asm/asm-commons/9.4/asm-commons-9.4.jar:/Users/fredrik/.m2/repository/org/ow2/asm/asm-tree/9.4/asm-tree-9.4.jar:/Users/fredrik/.m2/repository/org/ow2/asm/asm-util/9.4/asm-util-9.4.jar:/Users/fredrik/.m2/repository/org/apache/bcel/bcel/6.5.0/bcel-6.5.0.jar:/Users/fredrik/.m2/repository/net/jcip/jcip-annotations/1.0/jcip-annotations-1.0.jar:/Users/fredrik/.m2/repository/org/dom4j/dom4j/2.1.3/dom4j-2.1.3.jar:/Users/fredrik/.m2/repository/org/apache/commons/commons-lang3/3.12.0/commons-lang3-3.12.0.jar:/Users/fredrik/.m2/repository/org/apache/commons/commons-text/1.10.0/commons-text-1.10.0.jar:/Users/fredrik/.m2/repository/org/slf4j/slf4j-api/2.0.0/slf4j-api-2.0.0.jar:/Users/fredrik/.m2/repository/com/github/spotbugs/spotbugs-annotations/4.7.3/spotbugs-annotations-4.7.3.jar:/Users/fredrik/.m2/repository/com/google/code/findbugs/jsr305/3.0.2/jsr305-3.0.2.jar:/Users/fredrik/.m2/repository/com/google/code/gson/gson/2.9.1/gson-2.9.1.jar:/Users/fredrik/.m2/repository/jaxen/jaxen/1.2.0/jaxen-1.2.0.jar:/Users/fredrik/.m2/repository/net/sf/saxon/Saxon-HE/11.4/Saxon-HE-11.4.jar:/Users/fredrik/.m2/repository/org/xmlresolver/xmlresolver/4.4.3/xmlresolver-4.4.3.jar:/Users/fredrik/.m2/repository/org/apache/httpcomponents/client5/httpclient5/5.1.3/httpclient5-5.1.3.jar:/Users/fredrik/.m2/repository/org/apache/httpcomponents/core5/httpcore5-h2/5.1.3/httpcore5-h2-5.1.3.jar:/Users/fredrik/.m2/repository/commons-codec/commons-codec/1.15/commons-codec-1.15.jar:/Users/fredrik/.m2/repository/org/apache/httpcomponents/core5/httpcore5/5.1.3/httpcore5-5.1.3.jar:/Users/fredrik/.m2/repository/xml-apis/xml-apis/1.4.01/xml-apis-1.4.01.jar:/Users/fredrik/.m2/repository/org/xmlresolver/xmlresolver/4.4.3/xmlresolver-4.4.3-data.jar:/Users/fredrik/.m2/repository/org/apache/logging/log4j/log4j-core/2.19.0/log4j-core-2.19.0.jar:/Users/fredrik/.m2/repository/org/apache/logging/log4j/log4j-api/2.19.0/log4j-api-2.19.0.jar:"/>
    <property name="java.vm.vendor" value="Oracle Corporation"/>
    <property name="sun.arch.data.model" value="64"/>
    <property name="java.vendor.url" value="https://java.oracle.com/"/>
    <property name="user.timezone" value="Europe/Oslo"/>
    <property name="os.name" value="Mac OS X"/>
    <property name="java.vm.specification.version" value="20"/>
    <property name="sun.java.launcher" value="SUN_STANDARD"/>
    <property name="user.country" value="NO"/>
    <property name="sun.boot.library.path" value="/Users/fredrik/.sdkman/candidates/java/20.0.2-oracle/lib"/>
    <property name="sun.java.command" value="org.apache.maven.surefire.booter.ForkedBooter /Users/fredrik/Documents/Studier/NTNU/Informatikk/Informatikk prosjektarbeid I/Prosjekt/gr2349/bookapp/restapi/target/surefire 2023-11-16T11-08-04_905-jvmRun1 surefire-20231116110828152_9tmp surefire_2-20231116110828152_10tmp"/>
    <property name="http.nonProxyHosts" value="local|*.local|169.254/16|*.169.254/16"/>
    <property name="jdk.debug" value="release"/>
    <property name="surefire.test.class.path" value="/Users/fredrik/Documents/Studier/NTNU/Informatikk/Informatikk prosjektarbeid I/Prosjekt/gr2349/bookapp/restapi/target/test-classes:/Users/fredrik/.m2/repository/org/springframework/boot/spring-boot-starter-web/3.1.5/spring-boot-starter-web-3.1.5.jar:/Users/fredrik/.m2/repository/org/springframework/boot/spring-boot-starter/3.1.5/spring-boot-starter-3.1.5.jar:/Users/fredrik/.m2/repository/org/springframework/boot/spring-boot-starter-logging/3.1.5/spring-boot-starter-logging-3.1.5.jar:/Users/fredrik/.m2/repository/ch/qos/logback/logback-classic/1.4.11/logback-classic-1.4.11.jar:/Users/fredrik/.m2/repository/ch/qos/logback/logback-core/1.4.11/logback-core-1.4.11.jar:/Users/fredrik/.m2/repository/org/apache/logging/log4j/log4j-to-slf4j/2.20.0/log4j-to-slf4j-2.20.0.jar:/Users/fredrik/.m2/repository/org/slf4j/jul-to-slf4j/2.0.9/jul-to-slf4j-2.0.9.jar:/Users/fredrik/.m2/repository/jakarta/annotation/jakarta.annotation-api/2.1.1/jakarta.annotation-api-2.1.1.jar:/Users/fredrik/.m2/repository/org/yaml/snakeyaml/1.33/snakeyaml-1.33.jar:/Users/fredrik/.m2/repository/org/springframework/boot/spring-boot-starter-json/3.1.5/spring-boot-starter-json-3.1.5.jar:/Users/fredrik/.m2/repository/org/springframework/boot/spring-boot-starter-tomcat/3.1.5/spring-boot-starter-tomcat-3.1.5.jar:/Users/fredrik/.m2/repository/org/apache/tomcat/embed/tomcat-embed-core/10.1.15/tomcat-embed-core-10.1.15.jar:/Users/fredrik/.m2/repository/org/apache/tomcat/embed/tomcat-embed-el/10.1.15/tomcat-embed-el-10.1.15.jar:/Users/fredrik/.m2/repository/org/apache/tomcat/embed/tomcat-embed-websocket/10.1.15/tomcat-embed-websocket-10.1.15.jar:/Users/fredrik/.m2/repository/io/micrometer/micrometer-observation/1.10.12/micrometer-observation-1.10.12.jar:/Users/fredrik/.m2/repository/io/micrometer/micrometer-commons/1.10.12/micrometer-commons-1.10.12.jar:/Users/fredrik/.m2/repository/org/springframework/spring-webmvc/6.0.13/spring-webmvc-6.0.13.jar:/Users/fredrik/.m2/repository/org/springframework/spring-aop/6.0.13/spring-aop-6.0.13.jar:/Users/fredrik/.m2/repository/org/springframework/spring-expression/6.0.13/spring-expression-6.0.13.jar:/Users/fredrik/.m2/repository/org/springframework/boot/spring-boot-starter-test/3.1.5/spring-boot-starter-test-3.1.5.jar:/Users/fredrik/.m2/repository/org/springframework/boot/spring-boot-test/3.1.5/spring-boot-test-3.1.5.jar:/Users/fredrik/.m2/repository/org/springframework/boot/spring-boot-test-autoconfigure/3.1.5/spring-boot-test-autoconfigure-3.1.5.jar:/Users/fredrik/.m2/repository/com/jayway/jsonpath/json-path/2.8.0/json-path-2.8.0.jar:/Users/fredrik/.m2/repository/jakarta/xml/bind/jakarta.xml.bind-api/4.0.1/jakarta.xml.bind-api-4.0.1.jar:/Users/fredrik/.m2/repository/jakarta/activation/jakarta.activation-api/2.1.2/jakarta.activation-api-2.1.2.jar:/Users/fredrik/.m2/repository/net/minidev/json-smart/2.4.11/json-smart-2.4.11.jar:/Users/fredrik/.m2/repository/net/minidev/accessors-smart/2.4.11/accessors-smart-2.4.11.jar:/Users/fredrik/.m2/repository/org/assertj/assertj-core/3.24.2/assertj-core-3.24.2.jar:/Users/fredrik/.m2/repository/org/junit/jupiter/junit-jupiter/5.9.3/junit-jupiter-5.9.3.jar:/Users/fredrik/.m2/repository/org/mockito/mockito-junit-jupiter/5.3.1/mockito-junit-jupiter-5.3.1.jar:/Users/fredrik/.m2/repository/org/skyscreamer/jsonassert/1.5.1/jsonassert-1.5.1.jar:/Users/fredrik/.m2/repository/com/vaadin/external/google/android-json/0.0.20131108.vaadin1/android-json-0.0.20131108.vaadin1.jar:/Users/fredrik/.m2/repository/org/springframework/spring-jcl/6.0.13/spring-jcl-6.0.13.jar:/Users/fredrik/.m2/repository/org/springframework/spring-test/6.0.13/spring-test-6.0.13.jar:/Users/fredrik/.m2/repository/org/xmlunit/xmlunit-core/2.9.1/xmlunit-core-2.9.1.jar:/Users/fredrik/.m2/repository/org/mockito/mockito-core/5.7.0/mockito-core-5.7.0.jar:/Users/fredrik/.m2/repository/net/bytebuddy/byte-buddy/1.14.9/byte-buddy-1.14.9.jar:/Users/fredrik/.m2/repository/net/bytebuddy/byte-buddy-agent/1.14.9/byte-buddy-agent-1.14.9.jar:/Users/fredrik/.m2/repository/org/objenesis/objenesis/3.3/objenesis-3.3.jar:/Users/fredrik/.m2/repository/org/openjfx/javafx-controls/20/javafx-controls-20.jar:/Users/fredrik/.m2/repository/org/openjfx/javafx-controls/20/javafx-controls-20-mac-aarch64.jar:/Users/fredrik/.m2/repository/org/openjfx/javafx-graphics/20/javafx-graphics-20.jar:/Users/fredrik/.m2/repository/org/openjfx/javafx-graphics/20/javafx-graphics-20-mac-aarch64.jar:/Users/fredrik/.m2/repository/org/openjfx/javafx-base/20/javafx-base-20.jar:/Users/fredrik/.m2/repository/org/openjfx/javafx-base/20/javafx-base-20-mac-aarch64.jar:/Users/fredrik/.m2/repository/org/openjfx/javafx-fxml/20/javafx-fxml-20.jar:/Users/fredrik/.m2/repository/org/openjfx/javafx-fxml/20/javafx-fxml-20-mac-aarch64.jar:/Users/fredrik/.m2/repository/org/junit/jupiter/junit-jupiter-api/5.10.0/junit-jupiter-api-5.10.0.jar:/Users/fredrik/.m2/repository/org/opentest4j/opentest4j/1.3.0/opentest4j-1.3.0.jar:/Users/fredrik/.m2/repository/org/junit/platform/junit-platform-commons/1.10.0/junit-platform-commons-1.10.0.jar:/Users/fredrik/.m2/repository/org/apiguardian/apiguardian-api/1.1.2/apiguardian-api-1.1.2.jar:/Users/fredrik/.m2/repository/org/junit/jupiter/junit-jupiter-engine/5.10.0/junit-jupiter-engine-5.10.0.jar:/Users/fredrik/.m2/repository/org/junit/platform/junit-platform-engine/1.10.0/junit-platform-engine-1.10.0.jar:/Users/fredrik/.m2/repository/org/junit/jupiter/junit-jupiter-params/5.10.0/junit-jupiter-params-5.10.0.jar:/Users/fredrik/.m2/repository/org/testfx/testfx-core/4.0.16-alpha/testfx-core-4.0.16-alpha.jar:/Users/fredrik/.m2/repository/org/hamcrest/hamcrest-core/1.3/hamcrest-core-1.3.jar:/Users/fredrik/.m2/repository/org/testfx/testfx-junit5/4.0.16-alpha/testfx-junit5-4.0.16-alpha.jar:/Users/fredrik/.m2/repository/org/hamcrest/hamcrest/2.2/hamcrest-2.2.jar:/Users/fredrik/.m2/repository/com/github/spotbugs/spotbugs/4.7.3/spotbugs-4.7.3.jar:/Users/fredrik/.m2/repository/org/ow2/asm/asm/9.4/asm-9.4.jar:/Users/fredrik/.m2/repository/org/ow2/asm/asm-analysis/9.4/asm-analysis-9.4.jar:/Users/fredrik/.m2/repository/org/ow2/asm/asm-commons/9.4/asm-commons-9.4.jar:/Users/fredrik/.m2/repository/org/ow2/asm/asm-tree/9.4/asm-tree-9.4.jar:/Users/fredrik/.m2/repository/org/ow2/asm/asm-util/9.4/asm-util-9.4.jar:/Users/fredrik/.m2/repository/org/apache/bcel/bcel/6.5.0/bcel-6.5.0.jar:/Users/fredrik/.m2/repository/net/jcip/jcip-annotations/1.0/jcip-annotations-1.0.jar:/Users/fredrik/.m2/repository/org/dom4j/dom4j/2.1.3/dom4j-2.1.3.jar:/Users/fredrik/.m2/repository/org/apache/commons/commons-lang3/3.12.0/commons-lang3-3.12.0.jar:/Users/fredrik/.m2/repository/org/apache/commons/commons-text/1.10.0/commons-text-1.10.0.jar:/Users/fredrik/.m2/repository/org/slf4j/slf4j-api/2.0.0/slf4j-api-2.0.0.jar:/Users/fredrik/.m2/repository/com/github/spotbugs/spotbugs-annotations/4.7.3/spotbugs-annotations-4.7.3.jar:/Users/fredrik/.m2/repository/com/google/code/findbugs/jsr305/3.0.2/jsr305-3.0.2.jar:/Users/fredrik/.m2/repository/com/google/code/gson/gson/2.9.1/gson-2.9.1.jar:/Users/fredrik/.m2/repository/jaxen/jaxen/1.2.0/jaxen-1.2.0.jar:/Users/fredrik/.m2/repository/net/sf/saxon/Saxon-HE/11.4/Saxon-HE-11.4.jar:/Users/fredrik/.m2/repository/org/xmlresolver/xmlresolver/4.4.3/xmlresolver-4.4.3.jar:/Users/fredrik/.m2/repository/org/apache/httpcomponents/client5/httpclient5/5.1.3/httpclient5-5.1.3.jar:/Users/fredrik/.m2/repository/org/apache/httpcomponents/core5/httpcore5-h2/5.1.3/httpcore5-h2-5.1.3.jar:/Users/fredrik/.m2/repository/commons-codec/commons-codec/1.15/commons-codec-1.15.jar:/Users/fredrik/.m2/repository/org/apache/httpcomponents/core5/httpcore5/5.1.3/httpcore5-5.1.3.jar:/Users/fredrik/.m2/repository/xml-apis/xml-apis/1.4.01/xml-apis-1.4.01.jar:/Users/fredrik/.m2/repository/org/xmlresolver/xmlresolver/4.4.3/xmlresolver-4.4.3-data.jar:/Users/fredrik/.m2/repository/org/apache/logging/log4j/log4j-core/2.19.0/log4j-core-2.19.0.jar:/Users/fredrik/.m2/repository/org/apache/logging/log4j/log4j-api/2.19.0/log4j-api-2.19.0.jar:"/>
    <property name="sun.cpu.endian" value="little"/>
    <property name="user.home" value="/Users/fredrik"/>
    <property name="user.language" value="nb"/>
    <property name="java.specification.vendor" value="Oracle Corporation"/>
    <property name="jdk.module.path" value="/Users/fredrik/Documents/Studier/NTNU/Informatikk/Informatikk prosjektarbeid I/Prosjekt/gr2349/bookapp/restapi/target/classes:/Users/fredrik/Documents/Studier/NTNU/Informatikk/Informatikk prosjektarbeid I/Prosjekt/gr2349/bookapp/core/target/core-0.0.1-SNAPSHOT.jar:/Users/fredrik/.m2/repository/com/fasterxml/jackson/core/jackson-databind/2.13.0/jackson-databind-2.13.0.jar:/Users/fredrik/.m2/repository/com/fasterxml/jackson/core/jackson-annotations/2.13.0/jackson-annotations-2.13.0.jar:/Users/fredrik/.m2/repository/com/fasterxml/jackson/core/jackson-core/2.13.0/jackson-core-2.13.0.jar:/Users/fredrik/.m2/repository/org/springframework/boot/spring-boot/3.1.5/spring-boot-3.1.5.jar:/Users/fredrik/.m2/repository/org/springframework/boot/spring-boot-autoconfigure/3.1.5/spring-boot-autoconfigure-3.1.5.jar:/Users/fredrik/.m2/repository/com/fasterxml/jackson/datatype/jackson-datatype-jdk8/2.15.3/jackson-datatype-jdk8-2.15.3.jar:/Users/fredrik/.m2/repository/com/fasterxml/jackson/datatype/jackson-datatype-jsr310/2.15.3/jackson-datatype-jsr310-2.15.3.jar:/Users/fredrik/.m2/repository/com/fasterxml/jackson/module/jackson-module-parameter-names/2.15.3/jackson-module-parameter-names-2.15.3.jar:/Users/fredrik/.m2/repository/org/springframework/spring-web/6.0.13/spring-web-6.0.13.jar:/Users/fredrik/.m2/repository/org/springframework/spring-beans/6.0.13/spring-beans-6.0.13.jar:/Users/fredrik/.m2/repository/org/springframework/spring-context/6.0.13/spring-context-6.0.13.jar:/Users/fredrik/.m2/repository/org/springframework/spring-core/6.0.13/spring-core-6.0.13.jar"/>
    <property name="java.version.date" value="2023-07-18"/>
    <property name="java.home" value="/Users/fredrik/.sdkman/candidates/java/20.0.2-oracle"/>
    <property name="file.separator" value="/"/>
    <property name="basedir" value="/Users/fredrik/Documents/Studier/NTNU/Informatikk/Informatikk prosjektarbeid I/Prosjekt/gr2349/bookapp/restapi"/>
    <property name="java.vm.compressedOopsMode" value="Zero based"/>
    <property name="line.separator" value="&#10;"/>
    <property name="java.vm.specification.vendor" value="Oracle Corporation"/>
    <property name="java.specification.name" value="Java Platform API Specification"/>
    <property name="FILE_LOG_CHARSET" value="UTF-8"/>
    <property name="java.awt.headless" value="true"/>
    <property name="apple.awt.application.name" value="ForkedBooter"/>
    <property name="surefire.real.class.path" value="/Users/fredrik/.m2/repository/org/apache/maven/surefire/surefire-api/3.1.2/surefire-api-3.1.2.jar:/Users/fredrik/.m2/repository/org/apache/maven/surefire/surefire-booter/3.1.2/surefire-booter-3.1.2.jar:/Users/fredrik/.m2/repository/org/apache/maven/surefire/surefire-extensions-spi/3.1.2/surefire-extensions-spi-3.1.2.jar:/Users/fredrik/.m2/repository/org/apache/maven/surefire/surefire-logger-api/3.1.2/surefire-logger-api-3.1.2.jar:/Users/fredrik/.m2/repository/org/apache/maven/surefire/surefire-shared-utils/3.1.2/surefire-shared-utils-3.1.2.jar:/Users/fredrik/Documents/Studier/NTNU/Informatikk/Informatikk prosjektarbeid I/Prosjekt/gr2349/bookapp/restapi/target/test-classes:/Users/fredrik/.m2/repository/org/springframework/boot/spring-boot-starter-web/3.1.5/spring-boot-starter-web-3.1.5.jar:/Users/fredrik/.m2/repository/org/springframework/boot/spring-boot-starter/3.1.5/spring-boot-starter-3.1.5.jar:/Users/fredrik/.m2/repository/org/springframework/boot/spring-boot-starter-logging/3.1.5/spring-boot-starter-logging-3.1.5.jar:/Users/fredrik/.m2/repository/ch/qos/logback/logback-classic/1.4.11/logback-classic-1.4.11.jar:/Users/fredrik/.m2/repository/ch/qos/logback/logback-core/1.4.11/logback-core-1.4.11.jar:/Users/fredrik/.m2/repository/org/apache/logging/log4j/log4j-to-slf4j/2.20.0/log4j-to-slf4j-2.20.0.jar:/Users/fredrik/.m2/repository/org/slf4j/jul-to-slf4j/2.0.9/jul-to-slf4j-2.0.9.jar:/Users/fredrik/.m2/repository/jakarta/annotation/jakarta.annotation-api/2.1.1/jakarta.annotation-api-2.1.1.jar:/Users/fredrik/.m2/repository/org/yaml/snakeyaml/1.33/snakeyaml-1.33.jar:/Users/fredrik/.m2/repository/org/springframework/boot/spring-boot-starter-json/3.1.5/spring-boot-starter-json-3.1.5.jar:/Users/fredrik/.m2/repository/org/springframework/boot/spring-boot-starter-tomcat/3.1.5/spring-boot-starter-tomcat-3.1.5.jar:/Users/fredrik/.m2/repository/org/apache/tomcat/embed/tomcat-embed-core/10.1.15/tomcat-embed-core-10.1.15.jar:/Users/fredrik/.m2/repository/org/apache/tomcat/embed/tomcat-embed-el/10.1.15/tomcat-embed-el-10.1.15.jar:/Users/fredrik/.m2/repository/org/apache/tomcat/embed/tomcat-embed-websocket/10.1.15/tomcat-embed-websocket-10.1.15.jar:/Users/fredrik/.m2/repository/io/micrometer/micrometer-observation/1.10.12/micrometer-observation-1.10.12.jar:/Users/fredrik/.m2/repository/io/micrometer/micrometer-commons/1.10.12/micrometer-commons-1.10.12.jar:/Users/fredrik/.m2/repository/org/springframework/spring-webmvc/6.0.13/spring-webmvc-6.0.13.jar:/Users/fredrik/.m2/repository/org/springframework/spring-aop/6.0.13/spring-aop-6.0.13.jar:/Users/fredrik/.m2/repository/org/springframework/spring-expression/6.0.13/spring-expression-6.0.13.jar:/Users/fredrik/.m2/repository/org/springframework/boot/spring-boot-starter-test/3.1.5/spring-boot-starter-test-3.1.5.jar:/Users/fredrik/.m2/repository/org/springframework/boot/spring-boot-test/3.1.5/spring-boot-test-3.1.5.jar:/Users/fredrik/.m2/repository/org/springframework/boot/spring-boot-test-autoconfigure/3.1.5/spring-boot-test-autoconfigure-3.1.5.jar:/Users/fredrik/.m2/repository/com/jayway/jsonpath/json-path/2.8.0/json-path-2.8.0.jar:/Users/fredrik/.m2/repository/jakarta/xml/bind/jakarta.xml.bind-api/4.0.1/jakarta.xml.bind-api-4.0.1.jar:/Users/fredrik/.m2/repository/jakarta/activation/jakarta.activation-api/2.1.2/jakarta.activation-api-2.1.2.jar:/Users/fredrik/.m2/repository/net/minidev/json-smart/2.4.11/json-smart-2.4.11.jar:/Users/fredrik/.m2/repository/net/minidev/accessors-smart/2.4.11/accessors-smart-2.4.11.jar:/Users/fredrik/.m2/repository/org/assertj/assertj-core/3.24.2/assertj-core-3.24.2.jar:/Users/fredrik/.m2/repository/org/junit/jupiter/junit-jupiter/5.9.3/junit-jupiter-5.9.3.jar:/Users/fredrik/.m2/repository/org/mockito/mockito-junit-jupiter/5.3.1/mockito-junit-jupiter-5.3.1.jar:/Users/fredrik/.m2/repository/org/skyscreamer/jsonassert/1.5.1/jsonassert-1.5.1.jar:/Users/fredrik/.m2/repository/com/vaadin/external/google/android-json/0.0.20131108.vaadin1/android-json-0.0.20131108.vaadin1.jar:/Users/fredrik/.m2/repository/org/springframework/spring-jcl/6.0.13/spring-jcl-6.0.13.jar:/Users/fredrik/.m2/repository/org/springframework/spring-test/6.0.13/spring-test-6.0.13.jar:/Users/fredrik/.m2/repository/org/xmlunit/xmlunit-core/2.9.1/xmlunit-core-2.9.1.jar:/Users/fredrik/.m2/repository/org/mockito/mockito-core/5.7.0/mockito-core-5.7.0.jar:/Users/fredrik/.m2/repository/net/bytebuddy/byte-buddy/1.14.9/byte-buddy-1.14.9.jar:/Users/fredrik/.m2/repository/net/bytebuddy/byte-buddy-agent/1.14.9/byte-buddy-agent-1.14.9.jar:/Users/fredrik/.m2/repository/org/objenesis/objenesis/3.3/objenesis-3.3.jar:/Users/fredrik/.m2/repository/org/openjfx/javafx-controls/20/javafx-controls-20.jar:/Users/fredrik/.m2/repository/org/openjfx/javafx-controls/20/javafx-controls-20-mac-aarch64.jar:/Users/fredrik/.m2/repository/org/openjfx/javafx-graphics/20/javafx-graphics-20.jar:/Users/fredrik/.m2/repository/org/openjfx/javafx-graphics/20/javafx-graphics-20-mac-aarch64.jar:/Users/fredrik/.m2/repository/org/openjfx/javafx-base/20/javafx-base-20.jar:/Users/fredrik/.m2/repository/org/openjfx/javafx-base/20/javafx-base-20-mac-aarch64.jar:/Users/fredrik/.m2/repository/org/openjfx/javafx-fxml/20/javafx-fxml-20.jar:/Users/fredrik/.m2/repository/org/openjfx/javafx-fxml/20/javafx-fxml-20-mac-aarch64.jar:/Users/fredrik/.m2/repository/org/junit/jupiter/junit-jupiter-api/5.10.0/junit-jupiter-api-5.10.0.jar:/Users/fredrik/.m2/repository/org/opentest4j/opentest4j/1.3.0/opentest4j-1.3.0.jar:/Users/fredrik/.m2/repository/org/junit/platform/junit-platform-commons/1.10.0/junit-platform-commons-1.10.0.jar:/Users/fredrik/.m2/repository/org/apiguardian/apiguardian-api/1.1.2/apiguardian-api-1.1.2.jar:/Users/fredrik/.m2/repository/org/junit/jupiter/junit-jupiter-engine/5.10.0/junit-jupiter-engine-5.10.0.jar:/Users/fredrik/.m2/repository/org/junit/platform/junit-platform-engine/1.10.0/junit-platform-engine-1.10.0.jar:/Users/fredrik/.m2/repository/org/junit/jupiter/junit-jupiter-params/5.10.0/junit-jupiter-params-5.10.0.jar:/Users/fredrik/.m2/repository/org/testfx/testfx-core/4.0.16-alpha/testfx-core-4.0.16-alpha.jar:/Users/fredrik/.m2/repository/org/hamcrest/hamcrest-core/1.3/hamcrest-core-1.3.jar:/Users/fredrik/.m2/repository/org/testfx/testfx-junit5/4.0.16-alpha/testfx-junit5-4.0.16-alpha.jar:/Users/fredrik/.m2/repository/org/hamcrest/hamcrest/2.2/hamcrest-2.2.jar:/Users/fredrik/.m2/repository/com/github/spotbugs/spotbugs/4.7.3/spotbugs-4.7.3.jar:/Users/fredrik/.m2/repository/org/ow2/asm/asm/9.4/asm-9.4.jar:/Users/fredrik/.m2/repository/org/ow2/asm/asm-analysis/9.4/asm-analysis-9.4.jar:/Users/fredrik/.m2/repository/org/ow2/asm/asm-commons/9.4/asm-commons-9.4.jar:/Users/fredrik/.m2/repository/org/ow2/asm/asm-tree/9.4/asm-tree-9.4.jar:/Users/fredrik/.m2/repository/org/ow2/asm/asm-util/9.4/asm-util-9.4.jar:/Users/fredrik/.m2/repository/org/apache/bcel/bcel/6.5.0/bcel-6.5.0.jar:/Users/fredrik/.m2/repository/net/jcip/jcip-annotations/1.0/jcip-annotations-1.0.jar:/Users/fredrik/.m2/repository/org/dom4j/dom4j/2.1.3/dom4j-2.1.3.jar:/Users/fredrik/.m2/repository/org/apache/commons/commons-lang3/3.12.0/commons-lang3-3.12.0.jar:/Users/fredrik/.m2/repository/org/apache/commons/commons-text/1.10.0/commons-text-1.10.0.jar:/Users/fredrik/.m2/repository/org/slf4j/slf4j-api/2.0.0/slf4j-api-2.0.0.jar:/Users/fredrik/.m2/repository/com/github/spotbugs/spotbugs-annotations/4.7.3/spotbugs-annotations-4.7.3.jar:/Users/fredrik/.m2/repository/com/google/code/findbugs/jsr305/3.0.2/jsr305-3.0.2.jar:/Users/fredrik/.m2/repository/com/google/code/gson/gson/2.9.1/gson-2.9.1.jar:/Users/fredrik/.m2/repository/jaxen/jaxen/1.2.0/jaxen-1.2.0.jar:/Users/fredrik/.m2/repository/net/sf/saxon/Saxon-HE/11.4/Saxon-HE-11.4.jar:/Users/fredrik/.m2/repository/org/xmlresolver/xmlresolver/4.4.3/xmlresolver-4.4.3.jar:/Users/fredrik/.m2/repository/org/apache/httpcomponents/client5/httpclient5/5.1.3/httpclient5-5.1.3.jar:/Users/fredrik/.m2/repository/org/apache/httpcomponents/core5/httpcore5-h2/5.1.3/httpcore5-h2-5.1.3.jar:/Users/fredrik/.m2/repository/commons-codec/commons-codec/1.15/commons-codec-1.15.jar:/Users/fredrik/.m2/repository/org/apache/httpcomponents/core5/httpcore5/5.1.3/httpcore5-5.1.3.jar:/Users/fredrik/.m2/repository/xml-apis/xml-apis/1.4.01/xml-apis-1.4.01.jar:/Users/fredrik/.m2/repository/org/xmlresolver/xmlresolver/4.4.3/xmlresolver-4.4.3-data.jar:/Users/fredrik/.m2/repository/org/apache/logging/log4j/log4j-core/2.19.0/log4j-core-2.19.0.jar:/Users/fredrik/.m2/repository/org/apache/logging/log4j/log4j-api/2.19.0/log4j-api-2.19.0.jar:/Users/fredrik/.m2/repository/org/apache/maven/surefire/surefire-junit-platform/3.1.2/surefire-junit-platform-3.1.2.jar:/Users/fredrik/.m2/repository/org/apache/maven/surefire/common-java5/3.1.2/common-java5-3.1.2.jar:/Users/fredrik/.m2/repository/org/junit/platform/junit-platform-launcher/1.10.0/junit-platform-launcher-1.10.0.jar"/>
    <property name="sun.management.compiler" value="HotSpot 64-Bit Tiered Compilers"/>
    <property name="ftp.nonProxyHosts" value="local|*.local|169.254/16|*.169.254/16"/>
    <property name="java.runtime.version" value="20.0.2+9-78"/>
    <property name="user.name" value="fredrik"/>
    <property name="stdout.encoding" value="US-ASCII"/>
    <property name="path.separator" value=":"/>
    <property name="os.version" value="13.5.1"/>
    <property name="java.runtime.name" value="Java(TM) SE Runtime Environment"/>
    <property name="file.encoding" value="UTF-8"/>
    <property name="java.vm.name" value="Java HotSpot(TM) 64-Bit Server VM"/>
    <property name="localRepository" value="/Users/fredrik/.m2/repository"/>
    <property name="java.vendor.url.bug" value="https://bugreport.java.com/bugreport/"/>
    <property name="java.io.tmpdir" value="/var/folders/2d/lktyqnjn1vs_ql_htkvgzzbc0000gn/T/"/>
    <property name="java.version" value="20.0.2"/>
    <property name="user.dir" value="/Users/fredrik/Documents/Studier/NTNU/Informatikk/Informatikk prosjektarbeid I/Prosjekt/gr2349/bookapp/restapi"/>
    <property name="os.arch" value="aarch64"/>
    <property name="java.vm.specification.name" value="Java Virtual Machine Specification"/>
    <property name="PID" value="77096"/>
    <property name="CONSOLE_LOG_CHARSET" value="UTF-8"/>
    <property name="native.encoding" value="US-ASCII"/>
    <property name="java.library.path" value="/Users/fredrik/Library/Java/Extensions:/Library/Java/Extensions:/Network/Library/Java/Extensions:/System/Library/Java/Extensions:/usr/lib/java:."/>
    <property name="java.vm.info" value="mixed mode"/>
    <property name="stderr.encoding" value="US-ASCII"/>
    <property name="java.vendor" value="Oracle Corporation"/>
    <property name="java.vm.version" value="20.0.2+9-78"/>
    <property name="sun.io.unicode.encoding" value="UnicodeBig"/>
    <property name="socksNonProxyHosts" value="local|*.local|169.254/16|*.169.254/16"/>
    <property name="java.class.version" value="64.0"/>
  </properties>
  <testcase name="testUpdateBook" classname="bookapp.restapi.FileHandlerTest" time="0.022">
    <system-out><![CDATA[Library file not found. Creating...
]]></system-out>
  </testcase>
  <testcase name="testCreateLibrary" classname="bookapp.restapi.FileHandlerTest" time="0.004">
    <system-out><![CDATA[Library file not found. Creating...
]]></system-out>
  </testcase>
  <testcase name="testGetFilePath" classname="bookapp.restapi.FileHandlerTest" time="0.0"/>
  <testcase name="readFromBooksFromFile" classname="bookapp.restapi.FileHandlerTest" time="0.003">
    <system-out><![CDATA[Library file not found. Creating...
]]></system-out>
  </testcase>
  <testcase name="testGetBookFromFile" classname="bookapp.restapi.FileHandlerTest" time="0.003"/>
</testsuite>