<?xml version="1.0" encoding="UTF-8"?>
<testsuite xmlns:xsi="http://www.w3.org/2001/XMLSchema-instance" xsi:noNamespaceSchemaLocation="https://maven.apache.org/surefire/maven-surefire-plugin/xsd/surefire-test-report-3.0.xsd" version="3.0" name="bookapp.core.BookComparatorTest" time="0.001" tests="1" errors="0" skipped="0" failures="0">
  <properties>
    <property name="java.specification.version" value="20"/>
    <property name="sun.jnu.encoding" value="UTF-8"/>
    <property name="java.class.path" value="/Users/fredrik/Documents/Studier/NTNU/Informatikk/Informatikk prosjektarbeid I/Prosjekt/gr2349/bookapp/core/target/test-classes:/Users/fredrik/.m2/repository/org/openjfx/javafx-controls/20/javafx-controls-20.jar:/Users/fredrik/.m2/repository/org/openjfx/javafx-controls/20/javafx-controls-20-mac-aarch64.jar:/Users/fredrik/.m2/repository/org/openjfx/javafx-graphics/20/javafx-graphics-20.jar:/Users/fredrik/.m2/repository/org/openjfx/javafx-graphics/20/javafx-graphics-20-mac-aarch64.jar:/Users/fredrik/.m2/repository/org/openjfx/javafx-base/20/javafx-base-20.jar:/Users/fredrik/.m2/repository/org/openjfx/javafx-base/20/javafx-base-20-mac-aarch64.jar:/Users/fredrik/.m2/repository/org/openjfx/javafx-fxml/20/javafx-fxml-20.jar:/Users/fredrik/.m2/repository/org/openjfx/javafx-fxml/20/javafx-fxml-20-mac-aarch64.jar:/Users/fredrik/.m2/repository/org/junit/jupiter/junit-jupiter-api/5.10.0/junit-jupiter-api-5.10.0.jar:/Users/fredrik/.m2/repository/org/opentest4j/opentest4j/1.3.0/opentest4j-1.3.0.jar:/Users/fredrik/.m2/repository/org/junit/platform/junit-platform-commons/1.10.0/junit-platform-commons-1.10.0.jar:/Users/fredrik/.m2/repository/org/apiguardian/apiguardian-api/1.1.2/apiguardian-api-1.1.2.jar:/Users/fredrik/.m2/repository/org/junit/jupiter/junit-jupiter-engine/5.10.0/junit-jupiter-engine-5.10.0.jar:/Users/fredrik/.m2/repository/org/junit/platform/junit-platform-engine/1.10.0/junit-platform-engine-1.10.0.jar:/Users/fredrik/.m2/repository/org/junit/jupiter/junit-jupiter-params/5.10.0/junit-jupiter-params-5.10.0.jar:/Users/fredrik/.m2/repository/org/testfx/testfx-core/4.0.16-alpha/testfx-core-4.0.16-alpha.jar:/Users/fredrik/.m2/repository/org/hamcrest/hamcrest-core/1.3/hamcrest-core-1.3.jar:/Users/fredrik/.m2/repository/org/assertj/assertj-core/3.13.2/assertj-core-3.13.2.jar:/Users/fredrik/.m2/repository/org/testfx/testfx-junit5/4.0.16-alpha/testfx-junit5-4.0.16-alpha.jar:/Users/fredrik/.m2/repository/org/hamcrest/hamcrest/2.2/hamcrest-2.2.jar:/Users/fredrik/.m2/repository/com/github/spotbugs/spotbugs/4.7.3/spotbugs-4.7.3.jar:/Users/fredrik/.m2/repository/org/ow2/asm/asm/9.4/asm-9.4.jar:/Users/fredrik/.m2/repository/org/ow2/asm/asm-analysis/9.4/asm-analysis-9.4.jar:/Users/fredrik/.m2/repository/org/ow2/asm/asm-commons/9.4/asm-commons-9.4.jar:/Users/fredrik/.m2/repository/org/ow2/asm/asm-tree/9.4/asm-tree-9.4.jar:/Users/fredrik/.m2/repository/org/ow2/asm/asm-util/9.4/asm-util-9.4.jar:/Users/fredrik/.m2/repository/org/apache/bcel/bcel/6.5.0/bcel-6.5.0.jar:/Users/fredrik/.m2/repository/net/jcip/jcip-annotations/1.0/jcip-annotations-1.0.jar:/Users/fredrik/.m2/repository/org/dom4j/dom4j/2.1.3/dom4j-2.1.3.jar:/Users/fredrik/.m2/repository/org/apache/commons/commons-lang3/3.12.0/commons-lang3-3.12.0.jar:/Users/fredrik/.m2/repository/org/apache/commons/commons-text/1.10.0/commons-text-1.10.0.jar:/Users/fredrik/.m2/repository/org/slf4j/slf4j-api/2.0.0/slf4j-api-2.0.0.jar:/Users/fredrik/.m2/repository/com/github/spotbugs/spotbugs-annotations/4.7.3/spotbugs-annotations-4.7.3.jar:/Users/fredrik/.m2/repository/com/google/code/findbugs/jsr305/3.0.2/jsr305-3.0.2.jar:/Users/fredrik/.m2/repository/com/google/code/gson/gson/2.9.1/gson-2.9.1.jar:/Users/fredrik/.m2/repository/jaxen/jaxen/1.2.0/jaxen-1.2.0.jar:/Users/fredrik/.m2/repository/net/sf/saxon/Saxon-HE/11.4/Saxon-HE-11.4.jar:/Users/fredrik/.m2/repository/org/xmlresolver/xmlresolver/4.4.3/xmlresolver-4.4.3.jar:/Users/fredrik/.m2/repository/org/apache/httpcomponents/client5/httpclient5/5.1.3/httpclient5-5.1.3.jar:/Users/fredrik/.m2/repository/org/apache/httpcomponents/core5/httpcore5-h2/5.1.3/httpcore5-h2-5.1.3.jar:/Users/fredrik/.m2/repository/commons-codec/commons-codec/1.15/commons-codec-1.15.jar:/Users/fredrik/.m2/repository/org/apache/httpcomponents/core5/httpcore5/5.1.3/httpcore5-5.1.3.jar:/Users/fredrik/.m2/repository/xml-apis/xml-apis/1.4.01/xml-apis-1.4.01.jar:/Users/fredrik/.m2/repository/org/xmlresolver/xmlresolver/4.4.3/xmlresolver-4.4.3-data.jar:/Users/fredrik/.m2/repository/org/apache/logging/log4j/log4j-core/2.19.0/log4j-core-2.19.0.jar:/Users/fredrik/.m2/repository/org/apache/logging/log4j/log4j-api/2.19.0/log4j-api-2.19.0.jar:"/>
    <property name="java.vm.vendor" value="Oracle Corporation"/>
    <property name="sun.arch.data.model" value="64"/>
    <property name="java.vendor.url" value="https://java.oracle.com/"/>
    <property name="os.name" value="Mac OS X"/>
    <property name="java.vm.specification.version" value="20"/>
    <property name="sun.java.launcher" value="SUN_STANDARD"/>
    <property name="user.country" value="NO"/>
    <property name="sun.boot.library.path" value="/Users/fredrik/.sdkman/candidates/java/20.0.2-oracle/lib"/>
    <property name="sun.java.command" value="org.apache.maven.surefire.booter.ForkedBooter /Users/fredrik/Documents/Studier/NTNU/Informatikk/Informatikk prosjektarbeid I/Prosjekt/gr2349/bookapp/core/target/surefire 2023-11-16T11-08-04_905-jvmRun1 surefire-20231116110805111_1tmp surefire_0-20231116110805111_2tmp"/>
    <property name="http.nonProxyHosts" value="local|*.local|169.254/16|*.169.254/16"/>
    <property name="jdk.debug" value="release"/>
    <property name="surefire.test.class.path" value="/Users/fredrik/Documents/Studier/NTNU/Informatikk/Informatikk prosjektarbeid I/Prosjekt/gr2349/bookapp/core/target/test-classes:/Users/fredrik/.m2/repository/org/openjfx/javafx-controls/20/javafx-controls-20.jar:/Users/fredrik/.m2/repository/org/openjfx/javafx-controls/20/javafx-controls-20-mac-aarch64.jar:/Users/fredrik/.m2/repository/org/openjfx/javafx-graphics/20/javafx-graphics-20.jar:/Users/fredrik/.m2/repository/org/openjfx/javafx-graphics/20/javafx-graphics-20-mac-aarch64.jar:/Users/fredrik/.m2/repository/org/openjfx/javafx-base/20/javafx-base-20.jar:/Users/fredrik/.m2/repository/org/openjfx/javafx-base/20/javafx-base-20-mac-aarch64.jar:/Users/fredrik/.m2/repository/org/openjfx/javafx-fxml/20/javafx-fxml-20.jar:/Users/fredrik/.m2/repository/org/openjfx/javafx-fxml/20/javafx-fxml-20-mac-aarch64.jar:/Users/fredrik/.m2/repository/org/junit/jupiter/junit-jupiter-api/5.10.0/junit-jupiter-api-5.10.0.jar:/Users/fredrik/.m2/repository/org/opentest4j/opentest4j/1.3.0/opentest4j-1.3.0.jar:/Users/fredrik/.m2/repository/org/junit/platform/junit-platform-commons/1.10.0/junit-platform-commons-1.10.0.jar:/Users/fredrik/.m2/repository/org/apiguardian/apiguardian-api/1.1.2/apiguardian-api-1.1.2.jar:/Users/fredrik/.m2/repository/org/junit/jupiter/junit-jupiter-engine/5.10.0/junit-jupiter-engine-5.10.0.jar:/Users/fredrik/.m2/repository/org/junit/platform/junit-platform-engine/1.10.0/junit-platform-engine-1.10.0.jar:/Users/fredrik/.m2/repository/org/junit/jupiter/junit-jupiter-params/5.10.0/junit-jupiter-params-5.10.0.jar:/Users/fredrik/.m2/repository/org/testfx/testfx-core/4.0.16-alpha/testfx-core-4.0.16-alpha.jar:/Users/fredrik/.m2/repository/org/hamcrest/hamcrest-core/1.3/hamcrest-core-1.3.jar:/Users/fredrik/.m2/repository/org/assertj/assertj-core/3.13.2/assertj-core-3.13.2.jar:/Users/fredrik/.m2/repository/org/testfx/testfx-junit5/4.0.16-alpha/testfx-junit5-4.0.16-alpha.jar:/Users/fredrik/.m2/repository/org/hamcrest/hamcrest/2.2/hamcrest-2.2.jar:/Users/fredrik/.m2/repository/com/github/spotbugs/spotbugs/4.7.3/spotbugs-4.7.3.jar:/Users/fredrik/.m2/repository/org/ow2/asm/asm/9.4/asm-9.4.jar:/Users/fredrik/.m2/repository/org/ow2/asm/asm-analysis/9.4/asm-analysis-9.4.jar:/Users/fredrik/.m2/repository/org/ow2/asm/asm-commons/9.4/asm-commons-9.4.jar:/Users/fredrik/.m2/repository/org/ow2/asm/asm-tree/9.4/asm-tree-9.4.jar:/Users/fredrik/.m2/repository/org/ow2/asm/asm-util/9.4/asm-util-9.4.jar:/Users/fredrik/.m2/repository/org/apache/bcel/bcel/6.5.0/bcel-6.5.0.jar:/Users/fredrik/.m2/repository/net/jcip/jcip-annotations/1.0/jcip-annotations-1.0.jar:/Users/fredrik/.m2/repository/org/dom4j/dom4j/2.1.3/dom4j-2.1.3.jar:/Users/fredrik/.m2/repository/org/apache/commons/commons-lang3/3.12.0/commons-lang3-3.12.0.jar:/Users/fredrik/.m2/repository/org/apache/commons/commons-text/1.10.0/commons-text-1.10.0.jar:/Users/fredrik/.m2/repository/org/slf4j/slf4j-api/2.0.0/slf4j-api-2.0.0.jar:/Users/fredrik/.m2/repository/com/github/spotbugs/spotbugs-annotations/4.7.3/spotbugs-annotations-4.7.3.jar:/Users/fredrik/.m2/repository/com/google/code/findbugs/jsr305/3.0.2/jsr305-3.0.2.jar:/Users/fredrik/.m2/repository/com/google/code/gson/gson/2.9.1/gson-2.9.1.jar:/Users/fredrik/.m2/repository/jaxen/jaxen/1.2.0/jaxen-1.2.0.jar:/Users/fredrik/.m2/repository/net/sf/saxon/Saxon-HE/11.4/Saxon-HE-11.4.jar:/Users/fredrik/.m2/repository/org/xmlresolver/xmlresolver/4.4.3/xmlresolver-4.4.3.jar:/Users/fredrik/.m2/repository/org/apache/httpcomponents/client5/httpclient5/5.1.3/httpclient5-5.1.3.jar:/Users/fredrik/.m2/repository/org/apache/httpcomponents/core5/httpcore5-h2/5.1.3/httpcore5-h2-5.1.3.jar:/Users/fredrik/.m2/repository/commons-codec/commons-codec/1.15/commons-codec-1.15.jar:/Users/fredrik/.m2/repository/org/apache/httpcomponents/core5/httpcore5/5.1.3/httpcore5-5.1.3.jar:/Users/fredrik/.m2/repository/xml-apis/xml-apis/1.4.01/xml-apis-1.4.01.jar:/Users/fredrik/.m2/repository/org/xmlresolver/xmlresolver/4.4.3/xmlresolver-4.4.3-data.jar:/Users/fredrik/.m2/repository/org/apache/logging/log4j/log4j-core/2.19.0/log4j-core-2.19.0.jar:/Users/fredrik/.m2/repository/org/apache/logging/log4j/log4j-api/2.19.0/log4j-api-2.19.0.jar:"/>
    <property name="sun.cpu.endian" value="little"/>
    <property name="user.home" value="/Users/fredrik"/>
    <property name="user.language" value="nb"/>
    <property name="java.specification.vendor" value="Oracle Corporation"/>
    <property name="jdk.module.path" value="/Users/fredrik/Documents/Studier/NTNU/Informatikk/Informatikk prosjektarbeid I/Prosjekt/gr2349/bookapp/core/target/classes:/Users/fredrik/.m2/repository/com/fasterxml/jackson/core/jackson-databind/2.13.0/jackson-databind-2.13.0.jar:/Users/fredrik/.m2/repository/com/fasterxml/jackson/core/jackson-annotations/2.13.0/jackson-annotations-2.13.0.jar:/Users/fredrik/.m2/repository/com/fasterxml/jackson/core/jackson-core/2.13.0/jackson-core-2.13.0.jar"/>
    <property name="java.version.date" value="2023-07-18"/>
    <property name="java.home" value="/Users/fredrik/.sdkman/candidates/java/20.0.2-oracle"/>
    <property name="file.separator" value="/"/>
    <property name="basedir" value="/Users/fredrik/Documents/Studier/NTNU/Informatikk/Informatikk prosjektarbeid I/Prosjekt/gr2349/bookapp/core"/>
    <property name="java.vm.compressedOopsMode" value="Zero based"/>
    <property name="line.separator" value="&#10;"/>
    <property name="java.vm.specification.vendor" value="Oracle Corporation"/>
    <property name="java.specification.name" value="Java Platform API Specification"/>
    <property name="apple.awt.application.name" value="ForkedBooter"/>
    <property name="surefire.real.class.path" value="/Users/fredrik/.m2/repository/org/apache/maven/surefire/surefire-api/3.1.2/surefire-api-3.1.2.jar:/Users/fredrik/.m2/repository/org/apache/maven/surefire/surefire-booter/3.1.2/surefire-booter-3.1.2.jar:/Users/fredrik/.m2/repository/org/apache/maven/surefire/surefire-extensions-spi/3.1.2/surefire-extensions-spi-3.1.2.jar:/Users/fredrik/.m2/repository/org/apache/maven/surefire/surefire-logger-api/3.1.2/surefire-logger-api-3.1.2.jar:/Users/fredrik/.m2/repository/org/apache/maven/surefire/surefire-shared-utils/3.1.2/surefire-shared-utils-3.1.2.jar:/Users/fredrik/Documents/Studier/NTNU/Informatikk/Informatikk prosjektarbeid I/Prosjekt/gr2349/bookapp/core/target/test-classes:/Users/fredrik/.m2/repository/org/openjfx/javafx-controls/20/javafx-controls-20.jar:/Users/fredrik/.m2/repository/org/openjfx/javafx-controls/20/javafx-controls-20-mac-aarch64.jar:/Users/fredrik/.m2/repository/org/openjfx/javafx-graphics/20/javafx-graphics-20.jar:/Users/fredrik/.m2/repository/org/openjfx/javafx-graphics/20/javafx-graphics-20-mac-aarch64.jar:/Users/fredrik/.m2/repository/org/openjfx/javafx-base/20/javafx-base-20.jar:/Users/fredrik/.m2/repository/org/openjfx/javafx-base/20/javafx-base-20-mac-aarch64.jar:/Users/fredrik/.m2/repository/org/openjfx/javafx-fxml/20/javafx-fxml-20.jar:/Users/fredrik/.m2/repository/org/openjfx/javafx-fxml/20/javafx-fxml-20-mac-aarch64.jar:/Users/fredrik/.m2/repository/org/junit/jupiter/junit-jupiter-api/5.10.0/junit-jupiter-api-5.10.0.jar:/Users/fredrik/.m2/repository/org/opentest4j/opentest4j/1.3.0/opentest4j-1.3.0.jar:/Users/fredrik/.m2/repository/org/junit/platform/junit-platform-commons/1.10.0/junit-platform-commons-1.10.0.jar:/Users/fredrik/.m2/repository/org/apiguardian/apiguardian-api/1.1.2/apiguardian-api-1.1.2.jar:/Users/fredrik/.m2/repository/org/junit/jupiter/junit-jupiter-engine/5.10.0/junit-jupiter-engine-5.10.0.jar:/Users/fredrik/.m2/repository/org/junit/platform/junit-platform-engine/1.10.0/junit-platform-engine-1.10.0.jar:/Users/fredrik/.m2/repository/org/junit/jupiter/junit-jupiter-params/5.10.0/junit-jupiter-params-5.10.0.jar:/Users/fredrik/.m2/repository/org/testfx/testfx-core/4.0.16-alpha/testfx-core-4.0.16-alpha.jar:/Users/fredrik/.m2/repository/org/hamcrest/hamcrest-core/1.3/hamcrest-core-1.3.jar:/Users/fredrik/.m2/repository/org/assertj/assertj-core/3.13.2/assertj-core-3.13.2.jar:/Users/fredrik/.m2/repository/org/testfx/testfx-junit5/4.0.16-alpha/testfx-junit5-4.0.16-alpha.jar:/Users/fredrik/.m2/repository/org/hamcrest/hamcrest/2.2/hamcrest-2.2.jar:/Users/fredrik/.m2/repository/com/github/spotbugs/spotbugs/4.7.3/spotbugs-4.7.3.jar:/Users/fredrik/.m2/repository/org/ow2/asm/asm/9.4/asm-9.4.jar:/Users/fredrik/.m2/repository/org/ow2/asm/asm-analysis/9.4/asm-analysis-9.4.jar:/Users/fredrik/.m2/repository/org/ow2/asm/asm-commons/9.4/asm-commons-9.4.jar:/Users/fredrik/.m2/repository/org/ow2/asm/asm-tree/9.4/asm-tree-9.4.jar:/Users/fredrik/.m2/repository/org/ow2/asm/asm-util/9.4/asm-util-9.4.jar:/Users/fredrik/.m2/repository/org/apache/bcel/bcel/6.5.0/bcel-6.5.0.jar:/Users/fredrik/.m2/repository/net/jcip/jcip-annotations/1.0/jcip-annotations-1.0.jar:/Users/fredrik/.m2/repository/org/dom4j/dom4j/2.1.3/dom4j-2.1.3.jar:/Users/fredrik/.m2/repository/org/apache/commons/commons-lang3/3.12.0/commons-lang3-3.12.0.jar:/Users/fredrik/.m2/repository/org/apache/commons/commons-text/1.10.0/commons-text-1.10.0.jar:/Users/fredrik/.m2/repository/org/slf4j/slf4j-api/2.0.0/slf4j-api-2.0.0.jar:/Users/fredrik/.m2/repository/com/github/spotbugs/spotbugs-annotations/4.7.3/spotbugs-annotations-4.7.3.jar:/Users/fredrik/.m2/repository/com/google/code/findbugs/jsr305/3.0.2/jsr305-3.0.2.jar:/Users/fredrik/.m2/repository/com/google/code/gson/gson/2.9.1/gson-2.9.1.jar:/Users/fredrik/.m2/repository/jaxen/jaxen/1.2.0/jaxen-1.2.0.jar:/Users/fredrik/.m2/repository/net/sf/saxon/Saxon-HE/11.4/Saxon-HE-11.4.jar:/Users/fredrik/.m2/repository/org/xmlresolver/xmlresolver/4.4.3/xmlresolver-4.4.3.jar:/Users/fredrik/.m2/repository/org/apache/httpcomponents/client5/httpclient5/5.1.3/httpclient5-5.1.3.jar:/Users/fredrik/.m2/repository/org/apache/httpcomponents/core5/httpcore5-h2/5.1.3/httpcore5-h2-5.1.3.jar:/Users/fredrik/.m2/repository/commons-codec/commons-codec/1.15/commons-codec-1.15.jar:/Users/fredrik/.m2/repository/org/apache/httpcomponents/core5/httpcore5/5.1.3/httpcore5-5.1.3.jar:/Users/fredrik/.m2/repository/xml-apis/xml-apis/1.4.01/xml-apis-1.4.01.jar:/Users/fredrik/.m2/repository/org/xmlresolver/xmlresolver/4.4.3/xmlresolver-4.4.3-data.jar:/Users/fredrik/.m2/repository/org/apache/logging/log4j/log4j-core/2.19.0/log4j-core-2.19.0.jar:/Users/fredrik/.m2/repository/org/apache/logging/log4j/log4j-api/2.19.0/log4j-api-2.19.0.jar:/Users/fredrik/.m2/repository/org/apache/maven/surefire/surefire-junit-platform/3.1.2/surefire-junit-platform-3.1.2.jar:/Users/fredrik/.m2/repository/org/apache/maven/surefire/common-java5/3.1.2/common-java5-3.1.2.jar:/Users/fredrik/.m2/repository/org/junit/platform/junit-platform-launcher/1.10.0/junit-platform-launcher-1.10.0.jar"/>
    <property name="sun.management.compiler" value="HotSpot 64-Bit Tiered Compilers"/>
    <property name="ftp.nonProxyHosts" value="local|*.local|169.254/16|*.169.254/16"/>
    <property name="java.runtime.version" value="20.0.2+9-78"/>
    <property name="user.name" value="fredrik"/>
    <property name="stdout.encoding" value="US-ASCII"/>
    <property name="path.separator" value=":"/>
    <property name="os.version" value="13.5.1"/>
    <property name="java.runtime.name" value="Java(TM) SE Runtime Environment"/>
    <property name="file.encoding" value="UTF-8"/>
    <property name="java.vm.name" value="Java HotSpot(TM) 64-Bit Server VM"/>
    <property name="localRepository" value="/Users/fredrik/.m2/repository"/>
    <property name="java.vendor.url.bug" value="https://bugreport.java.com/bugreport/"/>
    <property name="java.io.tmpdir" value="/var/folders/2d/lktyqnjn1vs_ql_htkvgzzbc0000gn/T/"/>
    <property name="java.version" value="20.0.2"/>
    <property name="user.dir" value="/Users/fredrik/Documents/Studier/NTNU/Informatikk/Informatikk prosjektarbeid I/Prosjekt/gr2349/bookapp/core"/>
    <property name="os.arch" value="aarch64"/>
    <property name="java.vm.specification.name" value="Java Virtual Machine Specification"/>
    <property name="native.encoding" value="US-ASCII"/>
    <property name="java.library.path" value="/Users/fredrik/Library/Java/Extensions:/Library/Java/Extensions:/Network/Library/Java/Extensions:/System/Library/Java/Extensions:/usr/lib/java:."/>
    <property name="java.vm.info" value="mixed mode"/>
    <property name="stderr.encoding" value="US-ASCII"/>
    <property name="java.vendor" value="Oracle Corporation"/>
    <property name="java.vm.version" value="20.0.2+9-78"/>
    <property name="sun.io.unicode.encoding" value="UnicodeBig"/>
    <property name="socksNonProxyHosts" value="local|*.local|169.254/16|*.169.254/16"/>
    <property name="java.class.version" value="64.0"/>
  </properties>
  <testcase name="testSorting" classname="bookapp.core.BookComparatorTest" time="0.001"/>
</testsuite>